# JRE version: Java(TM) SE Runtime Environment (8.0_121-b13) (build 1.8.0_121-b13)
# Java VM: Java HotSpot(TM) 64-Bit Server VM (25.121-b13 mixed mode linux-amd64 compressed oops)
Heap:
 PSYoungGen      total 55808K, used 17154K [0x0000000782700000, 0x0000000786500000, 0x00000007c0000000)
  eden space 48128K, 22% used [0x0000000782700000,0x00000007831ba6b8,0x0000000785600000)
  from space 7680K, 80% used [0x0000000785d80000,0x0000000786386540,0x0000000786500000)
  to   space 7680K, 0% used [0x0000000785600000,0x0000000785600000,0x0000000785d80000)
 ParOldGen       total 126976K, used 2391K [0x0000000707400000, 0x000000070f000000, 0x0000000782700000)
  object space 126976K, 1% used [0x0000000707400000,0x0000000707655d98,0x000000070f000000)
 Metaspace       used 13356K, capacity 13508K, committed 13824K, reserved 1060864K
  class space    used 1446K, capacity 1512K, committed 1536K, reserved 1048576K
GC Heap History (8 events):
Event: 5,275 GC heap before
{Heap before GC invocations=1 (full 0):
 PSYoungGen      total 55808K, used 48128K [0x0000000782700000, 0x0000000786500000, 0x00000007c0000000)
  eden space 48128K, 100% used [0x0000000782700000,0x0000000785600000,0x0000000785600000)
  from space 7680K, 0% used [0x0000000785d80000,0x0000000785d80000,0x0000000786500000)
  to   space 7680K, 0% used [0x0000000785600000,0x0000000785600000,0x0000000785d80000)
 ParOldGen       total 126976K, used 19K [0x0000000707400000, 0x000000070f000000, 0x0000000782700000)
  object space 126976K, 0% used [0x0000000707400000,0x0000000707404c68,0x000000070f000000)
 Metaspace       used 13208K, capacity 13368K, committed 13568K, reserved 1060864K
  class space    used 1443K, capacity 1510K, committed 1536K, reserved 1048576K
Event: 5,290 GC heap after
Heap after GC invocations=1 (full 0):
 PSYoungGen      total 55808K, used 7650K [0x0000000782700000, 0x0000000786500000, 0x00000007c0000000)
  eden space 48128K, 0% used [0x0000000782700000,0x0000000782700000,0x0000000785600000)
  from space 7680K, 99% used [0x0000000785600000,0x0000000785d78a90,0x0000000785d80000)
  to   space 7680K, 0% used [0x0000000785d80000,0x0000000785d80000,0x0000000786500000)
 ParOldGen       total 126976K, used 1452K [0x0000000707400000, 0x000000070f000000, 0x0000000782700000)
  object space 126976K, 1% used [0x0000000707400000,0x000000070756b140,0x000000070f000000)
 Metaspace       used 13208K, capacity 13368K, committed 13568K, reserved 1060864K
  class space    used 1443K, capacity 1510K, committed 1536K, reserved 1048576K
}
Event: 7,074 GC heap before
{Heap before GC invocations=2 (full 0):
 PSYoungGen      total 55808K, used 55778K [0x0000000782700000, 0x0000000786500000, 0x00000007c0000000)
  eden space 48128K, 100% used [0x0000000782700000,0x0000000785600000,0x0000000785600000)
  from space 7680K, 99% used [0x0000000785600000,0x0000000785d78a90,0x0000000785d80000)
  to   space 7680K, 0% used [0x0000000785d80000,0x0000000785d80000,0x0000000786500000)
 ParOldGen       total 126976K, used 2367K [0x0000000707400000, 0x000000070f000000, 0x0000000782700000)
  object space 126976K, 1% used [0x0000000707400000,0x000000070764fd98,0x000000070f000000)
 Metaspace       used 13298K, capacity 13438K, committed 13568K, reserved 1060864K
  class space    used 1444K, capacity 1511K, committed 1536K, reserved 1048576K
Event: 7,084 GC heap after
Heap after GC invocations=2 (full 0):
 PSYoungGen      total 55808K, used 5124K [0x0000000782700000, 0x0000000786500000, 0x00000007c0000000)
  eden space 48128K, 0% used [0x0000000782700000,0x0000000782700000,0x0000000785600000)
  from space 7680K, 66% used [0x0000000785d80000,0x0000000786281110,0x0000000786500000)
  to   space 7680K, 0% used [0x0000000785600000,0x0000000785600000,0x0000000785d80000)
 ParOldGen       total 126976K, used 2375K [0x0000000707400000, 0x000000070f000000, 0x0000000782700000)
  object space 126976K, 1% used [0x0000000707400000,0x0000000707651d98,0x000000070f000000)
 Metaspace       used 13298K, capacity 13438K, committed 13568K, reserved 1060864K
  class space    used 1444K, capacity 1511K, committed 1536K, reserved 1048576K
}
Event: 8,821 GC heap before
{Heap before GC invocations=3 (full 0):
 PSYoungGen      total 55808K, used 53252K [0x0000000782700000, 0x0000000786500000, 0x00000007c0000000)
  eden space 48128K, 100% used [0x0000000782700000,0x0000000785600000,0x0000000785600000)
  from space 7680K, 66% used [0x0000000785d80000,0x0000000786281110,0x0000000786500000)
  to   space 7680K, 0% used [0x0000000785600000,0x0000000785600000,0x0000000785d80000)
 ParOldGen       total 126976K, used 2375K [0x0000000707400000, 0x000000070f000000, 0x0000000782700000)
  object space 126976K, 1% used [0x0000000707400000,0x0000000707651d98,0x000000070f000000)
 Metaspace       used 13299K, capacity 13438K, committed 13568K, reserved 1060864K
  class space    used 1444K, capacity 1511K, committed 1536K, reserved 1048576K
Event: 8,824 GC heap after
Heap after GC invocations=3 (full 0):
 PSYoungGen      total 55808K, used 5028K [0x0000000782700000, 0x0000000786500000, 0x00000007c0000000)
  eden space 48128K, 0% used [0x0000000782700000,0x0000000782700000,0x0000000785600000)
  from space 7680K, 65% used [0x0000000785600000,0x0000000785ae9110,0x0000000785d80000)
  to   space 7680K, 0% used [0x0000000785d80000,0x0000000785d80000,0x0000000786500000)
 ParOldGen       total 126976K, used 2383K [0x0000000707400000, 0x000000070f000000, 0x0000000782700000)
  object space 126976K, 1% used [0x0000000707400000,0x0000000707653d98,0x000000070f000000)
 Metaspace       used 13299K, capacity 13438K, committed 13568K, reserved 1060864K
  class space    used 1444K, capacity 1511K, committed 1536K, reserved 1048576K
}
Event: 10,444 GC heap before
{Heap before GC invocations=4 (full 0):
 PSYoungGen      total 55808K, used 53156K [0x0000000782700000, 0x0000000786500000, 0x00000007c0000000)
  eden space 48128K, 100% used [0x0000000782700000,0x0000000785600000,0x0000000785600000)
  from space 7680K, 65% used [0x0000000785600000,0x0000000785ae9110,0x0000000785d80000)
  to   space 7680K, 0% used [0x0000000785d80000,0x0000000785d80000,0x0000000786500000)
 ParOldGen       total 126976K, used 2383K [0x0000000707400000, 0x000000070f000000, 0x0000000782700000)
  object space 126976K, 1% used [0x0000000707400000,0x0000000707653d98,0x000000070f000000)
 Metaspace       used 13302K, capacity 13438K, committed 13568K, reserved 1060864K
  class space    used 1444K, capacity 1511K, committed 1536K, reserved 1048576K
Event: 10,451 GC heap after
Heap after GC invocations=4 (full 0):
 PSYoungGen      total 55808K, used 6169K [0x0000000782700000, 0x0000000786500000, 0x00000007c0000000)
  eden space 48128K, 0% used [0x0000000782700000,0x0000000782700000,0x0000000785600000)
  from space 7680K, 80% used [0x0000000785d80000,0x0000000786386540,0x0000000786500000)
  to   space 7680K, 0% used [0x0000000785600000,0x0000000785600000,0x0000000785d80000)
 ParOldGen       total 126976K, used 2391K [0x0000000707400000, 0x000000070f000000, 0x0000000782700000)
  object space 126976K, 1% used [0x0000000707400000,0x0000000707655d98,0x000000070f000000)
 Metaspace       used 13302K, capacity 13438K, committed 13568K, reserved 1060864K
  class space    used 1444K, capacity 1511K, committed 1536K, reserved 1048576K
}

